2024-08-19 20:12:11,516 WARNING _file _resolve_input_path Work items input path not defined, to simulate different input values set the
environment variable `RC_WORKITEM_INPUT_PATH`.

Generated input path: C:\Users\thiag\vscode_projects\news-crawler\simple-news-search-engine\output\work-items-in\workitems.json

2024-08-19 20:12:11,519 INFO main initialize_step_1 Initializing Class
2024-08-19 20:12:11,955 INFO main initialize_step_1 initializing function 1 - Search News
2024-08-19 20:12:11,956 INFO main search_news Obtained 4 sources to process.
2024-08-19 20:12:14,460 INFO main search_news [Request] apnews | 200
2024-08-19 20:12:14,464 INFO main initialize_step_1 initializing function 2 - Get URLs from Listings
2024-08-19 20:12:14,960 INFO main get_news_listing [Listings] apnews Found ['https://apnews.com/article/olympics-2024-fencing-10c93fe0bbfcde59164d2372d7501e1c', 'https://apnews.com/olympics-medal-tracker', 'https://apnews.com/article/paris-olympics-medal-count-us-china-967b8b73cd08c69f83ec14d2cc38961c', 'https://apnews.com/article/2024-olympics-sam-watson-sport-climbing-554ed11f8fc5f6c005d420eeb92b2bfd', 'https://apnews.com/article/olympics-2024-gymnastics-men-6fdab7aeb5c6d8ed3e331fdf71131a92', 'https://apnews.com/video/boxing-2024-paris-olympic-games-taiwan-taipei-jk-rowling-2fbb2fb749d040339b55a5767d9cdd4e', 'https://apnews.com/article/2024-olympics-medals-united-states-china-e9f013a206e0de69c41686ee122f425a', 'https://apnews.com/article/olympics-2024-boxing-imane-khelif-3713dc197cf0d3307fb1c5f13327141d', 'https://apnews.com/article/2024-olympics-ukraine-boxing-f1938441a0f1ce80ca2308e05f8a9133', 'https://apnews.com/article/2024-olympics-belarus-trampoline-medal-4f40b08a654301240b16a18d5bb0102e', 'https://apnews.com/article/2024-olympics-beach-volleyball-men-0da8308fd2ff8c1f11549d86bd27d1d4', 'https://apnews.com/live/updates-democratic-national-convention-harris-walz', 'https://apnews.com/hub/russia-ukraine', 'https://apnews.com/article/olympics-2024-paris-games-tarzan-53767dd3d09e67a0e2fb017493732454', 'https://apnews.com/article/2024-olympics-paris-games-table-tennis-china-b7aa4ca4cfea3c758402f90da4accaf7', 'https://apnews.com/article/2024-olympics-fencing-mens-team-foil-cb8fc1097df508bd504f2960fd7d92c0', 'https://apnews.com/article/olympics-2024-paris-medals-0cb7c1f1c2306eb03429506782b6b29f', 'https://apnews.com/article/olympics-2024-boxing-harrington-14968a028a6d24cc7936fc2e0018d1ee', 'https://apnews.com/article/italy-sicily-storm-tourists-missing-060bf26f426708c8eb59e81d88787d11', 'https://apnews.com/article/2024-olympics-sailing-medals-marseille-weather-heat-wind-dbaa7cbe5eb6c4b7b65de9fc617ac38f', 'https://apnews.com/article/2024-olympics-9799bc9abff5bff88fdaf6d07d3c0965', 'https://apnews.com/article/olympics-2024-ledecky-argentina-gauff-d2ed966694bbef82ca2c3d3d4a7c8a4a', 'https://apnews.com/article/2024-olympics-basketball-us-australia-5d8cf605882a080da9fb0e1615539fd7', 'https://apnews.com/video/2024-paris-olympic-games-paris-37adf5e9dfae4a809150114f8349065b', 'https://apnews.com/article/olympics-2024-fencing-1d2e636fded6b99b5aa3831461bfdb28', 'https://apnews.com/article/2024-olympics-paris-table-tennis-china-gold-e52af7f0c42c6a3923b3290e8842ba27', 'https://apnews.com/article/2024-olympics-france-usa-basketball-gold-e5f2d19c0893e8f00bcae13fe1e95f24', 'https://apnews.com/article/sudan-cholera-outbreak-conflict-046f27a435816dd0838eade09dbec4ab', 'https://apnews.com/article/2024-olympics-basketball-france-germany-ee7ae109109afc694e32e0e8a00902e8', 'https://apnews.com/article/2024-olympics-august-10-d123fa4923bf878d504b59256777e453', 'https://apnews.com/article/perdue-chicken-nugget-recall-metal-wire-cbca0d8706fc3fe54e18b0d46afed987', 'https://apnews.com/article/2024-olympics-weightlifting-b5c409e0cdd231e3dfa9908561e80fb6', 'https://apnews.com/article/olympics-2024-equestrian-eventing-final-team-jumping-c38bfb62bc96bd84f53d3d360a456acd', 'https://apnews.com/article/2024-olympics-jamaica-discus-429eb8f2836897cab0664b2c55869ade', 'https://apnews.com/article/olympics-2024-shooting-vincent-hancock-291fb36702dce93da73e09474932d794'] news.
2024-08-19 20:12:14,991 INFO main initialize_step_1 initializing function 3 - Get HTML from each news
2024-08-19 20:12:15,257 INFO main get_news_html [Request NEWS] apnews | 200
2024-08-19 20:12:15,647 INFO main get_news_html [Request NEWS] apnews | 200
2024-08-19 20:12:15,964 INFO main get_news_html [Request NEWS] apnews | 200
2024-08-19 20:12:16,244 INFO main get_news_html [Request NEWS] apnews | 200
2024-08-19 20:12:16,627 INFO main get_news_html [Request NEWS] apnews | 200
2024-08-19 20:12:16,938 INFO main get_news_html [Request NEWS] apnews | 200
2024-08-19 20:12:17,023 INFO main get_news_html [Request NEWS] apnews | 200
2024-08-19 20:12:17,317 INFO main get_news_html [Request NEWS] apnews | 200
2024-08-19 20:12:17,535 INFO main get_news_html [Request NEWS] apnews | 200
2024-08-19 20:12:17,745 INFO main get_news_html [Request NEWS] apnews | 200
2024-08-19 20:12:18,785 INFO main get_news_html [Request NEWS] apnews | 200
2024-08-19 20:12:18,909 INFO main get_news_html [Request NEWS] apnews | 200
2024-08-19 20:12:18,988 INFO main get_news_html [Request NEWS] apnews | 200
2024-08-19 20:12:19,661 INFO main get_news_html [Request NEWS] apnews | 200
2024-08-19 20:12:20,522 INFO main get_news_html [Request NEWS] apnews | 200
2024-08-19 20:12:20,763 INFO main get_news_html [Request NEWS] apnews | 200
2024-08-19 20:12:20,999 INFO main get_news_html [Request NEWS] apnews | 200
2024-08-19 20:12:21,207 INFO main get_news_html [Request NEWS] apnews | 200
2024-08-19 20:12:21,288 INFO main get_news_html [Request NEWS] apnews | 200
2024-08-19 20:12:21,563 INFO main get_news_html [Request NEWS] apnews | 200
2024-08-19 20:12:21,786 INFO main get_news_html [Request NEWS] apnews | 200
2024-08-19 20:12:22,062 INFO main get_news_html [Request NEWS] apnews | 200
2024-08-19 20:12:22,902 INFO main get_news_html [Request NEWS] apnews | 200
2024-08-19 20:12:23,248 INFO main get_news_html [Request NEWS] apnews | 200
2024-08-19 20:12:23,525 INFO main get_news_html [Request NEWS] apnews | 200
2024-08-19 20:12:23,759 INFO main get_news_html [Request NEWS] apnews | 200
2024-08-19 20:12:23,997 INFO main get_news_html [Request NEWS] apnews | 200
2024-08-19 20:12:24,130 INFO main get_news_html [Request NEWS] apnews | 200
2024-08-19 20:12:24,349 INFO main get_news_html [Request NEWS] apnews | 200
2024-08-19 20:12:24,584 INFO main get_news_html [Request NEWS] apnews | 200
2024-08-19 20:12:24,678 INFO main get_news_html [Request NEWS] apnews | 200
2024-08-19 20:12:24,838 INFO main get_news_html [Request NEWS] apnews | 200
2024-08-19 20:12:25,764 INFO main get_news_html [Request NEWS] apnews | 200
2024-08-19 20:12:26,824 INFO main get_news_html [Request NEWS] apnews | 200
2024-08-19 20:12:27,056 INFO main get_news_html [Request NEWS] apnews | 200
2024-08-19 20:12:28,048 INFO main initialize_step_2 initializing function 4 - Extract raw data
2024-08-19 20:12:44,327 INFO main initialize_step_2 initializing function 5 - Normalize Data
2024-08-19 20:12:45,331 INFO _file release_input Releasing item '0' with FAILED state and exception: {'type': 'APPLICATION', 'code': None, 'message': "redefinition of group name 'b' as group 4; was group 1 at position 132"}
